#
# A fatal error has been detected by the Java Runtime Environment:
#
#  EXCEPTION_ACCESS_VIOLATION (0xc0000005) at pc=0x0000000026531066, pid=11276, tid=0x0000000000002a6c
#
# JRE version: Java(TM) SE Runtime Environment (8.0_181-b13) (build 1.8.0_181-b13)
# Java VM: Java HotSpot(TM) 64-Bit Server VM (25.181-b13 mixed mode windows-amd64 compressed oops)
# Problematic frame:
# C  [OpenAL64.dll+0x11066]
#
# Failed to write core dump. Minidumps are not enabled by default on client versions of Windows
#
# If you would like to submit a bug report, please visit:
#   http://bugreport.java.com/bugreport/crash.jsp
# The crash happened outside the Java Virtual Machine in native code.
# See problematic frame for where to report the bug.
#

---------------  T H R E A D  ---------------

Current thread (0x000000001e9fd800):  JavaThread "Thread-5" [_thread_in_native, id=10860, stack(0x0000000038e20000,0x0000000038f20000)]

siginfo: ExceptionCode=0xc0000005, reading address 0x0000000020b2c004

Registers:
RAX=0x0000000000000004, RBX=0x00000000372b0090, RCX=0x0000000020b2c008, RDX=0x0000000020b2c004
RSP=0x0000000038f1ef40, RBP=0x00000000000000ff, RSI=0x0000000020b2a98c, RDI=0x0000000000000000
R8 =0x000000000000059e, R9 =0x0000000020b2a98c, R10=0x0000000003098c3b, R11=0x00000000513ec6a0
R12=0x0000000000000001, R13=0x0000000038bdf5a0, R14=0x0000000038f1f0d8, R15=0x000000001e9fd800
RIP=0x0000000026531066, EFLAGS=0x0000000000010202

Top of Stack: (sp=0x0000000038f1ef40)
0x0000000038f1ef40:   0000000000000000 000000005128e06b
0x0000000038f1ef50:   000000001e9fd800 000000001e9fd800
0x0000000038f1ef60:   0000000038bdf5a0 0000000000000000
0x0000000038f1ef70:   000000001e9fd800 0000000020b26590
0x0000000038f1ef80:   0000000038bdf5a0 0000000038f1f0d8
0x0000000038f1ef90:   0000000025c5e0b0 000000005127c3a6
0x0000000038f1efa0:   0000000038f1f748 000000001ea30270
0x0000000038f1efb0:   000000001e9fd800 0000000038f1f0d8
0x0000000038f1efc0:   0000000038bdf5a0 0000000000000000
0x0000000038f1efd0:   0000000020b2a98c 00000006c1216788
0x0000000038f1efe0:   0000000038f1f0a0 000000002653248f
0x0000000038f1eff0:   00000000372b0090 00000000372b0090
0x0000000038f1f000:   000000000000ac44 0000000600000004
0x0000000038f1f010:   0000000000000010 0000000003098c67
0x0000000038f1f020:   0000000038bdf5a0 000000000309899d
0x0000000038f1f030:   000000001e9fd800 0000000038bdf5a0 

Instructions: (pc=0x0000000026531066)
0x0000000026531046:   41 2b ec 81 3a 03 00 02 00 75 09 8b 01 89 84 24
0x0000000026531056:   c8 00 00 00 49 83 c0 02 48 83 c1 08 4a 8d 14 86
0x0000000026531066:   39 3a 75 af 4c 8d 84 24 c0 00 00 00 48 8d 15 d7
0x0000000026531076:   2b 03 00 33 c9 e8 58 5f 00 00 b8 40 1f 00 00 4c 


Register to memory mapping:

RAX=0x0000000000000004 is an unknown value
RBX=0x00000000372b0090 is an unknown value
RCX=0x0000000020b2c008 is an unknown value
RDX=0x0000000020b2c004 is an unknown value
RSP=0x0000000038f1ef40 is pointing into the stack for thread: 0x000000001e9fd800
RBP=0x00000000000000ff is an unknown value
RSI=0x0000000020b2a98c is an unknown value
RDI=0x0000000000000000 is an unknown value
R8 =0x000000000000059e is an unknown value
R9 =0x0000000020b2a98c is an unknown value
R10=0x0000000003098c3b is at code_begin+891 in an Interpreter codelet
method entry point (kind = native)  [0x00000000030988c0, 0x0000000003099280]  2496 bytes
R11=0x00000000513ec6a0 is an unknown value
R12=0x0000000000000001 is an unknown value
R13={method} {0x0000000038bdf5a8} 'nalcCreateContext' '(JJ)J' in 'org/lwjgl/openal/ALC10'
R14=0x0000000038f1f0d8 is pointing into the stack for thread: 0x000000001e9fd800
R15=0x000000001e9fd800 is a thread


Stack: [0x0000000038e20000,0x0000000038f20000],  sp=0x0000000038f1ef40,  free space=1019k
Native frames: (J=compiled Java code, j=interpreted, Vv=VM code, C=native code)
C  [OpenAL64.dll+0x11066]
C  [OpenAL64.dll+0x1248f]
C  0x0000000003098c67

Java frames: (J=compiled Java code, j=interpreted, Vv=VM code)
j  org.lwjgl.openal.ALC10.nalcCreateContext(JJ)J+0
j  org.lwjgl.openal.ALC10.alcCreateContext(Lorg/lwjgl/openal/ALCdevice;Ljava/nio/IntBuffer;)Lorg/lwjgl/openal/ALCcontext;+8
j  org.lwjgl.openal.AL.init(Ljava/lang/String;IIZZ)V+69
j  org.lwjgl.openal.AL.create(Ljava/lang/String;IIZZ)V+246
j  org.lwjgl.openal.AL.create(Ljava/lang/String;IIZ)V+5
j  org.lwjgl.openal.AL.create()V+6
j  paulscode.sound.libraries.LibraryLWJGLOpenAL.init()V+2
j  paulscode.sound.SoundSystem.CommandNewLibrary(Ljava/lang/Class;)V+273
j  paulscode.sound.SoundSystem.CommandQueue(Lpaulscode/sound/CommandObject;)Z+1206
j  paulscode.sound.CommandThread.run()V+51
v  ~StubRoutines::call_stub

---------------  P R O C E S S  ---------------

Java Threads: ( => current thread )
  0x000000001e9f9000 JavaThread "Thread-6" [_thread_blocked, id=2832, stack(0x0000000038f20000,0x0000000039020000)]
=>0x000000001e9fd800 JavaThread "Thread-5" [_thread_in_native, id=10860, stack(0x0000000038e20000,0x0000000038f20000)]
  0x00000000279f3800 JavaThread "Sound Library Loader" [_thread_blocked, id=7876, stack(0x0000000038d20000,0x0000000038e20000)]
  0x00000000222ec000 JavaThread "Keep-Alive-Timer" daemon [_thread_blocked, id=10232, stack(0x0000000037800000,0x0000000037900000)]
  0x00000000230c2800 JavaThread "LWJGL Timer" daemon [_thread_blocked, id=6300, stack(0x0000000036db0000,0x0000000036eb0000)]
  0x000000001fe9e800 JavaThread "Thread-3" [_thread_blocked, id=11576, stack(0x0000000035b20000,0x0000000035c20000)]
  0x000000001ff17800 JavaThread "Java2D Disposer" daemon [_thread_blocked, id=4984, stack(0x0000000028a50000,0x0000000028b50000)]
  0x00000000247e4800 JavaThread "Timer hack thread" daemon [_thread_blocked, id=4196, stack(0x0000000028950000,0x0000000028a50000)]
  0x00000000228c8000 JavaThread "Snooper Timer" daemon [_thread_blocked, id=10392, stack(0x0000000026420000,0x0000000026520000)]
  0x000000001ea8a000 JavaThread "Service Thread" daemon [_thread_blocked, id=6128, stack(0x000000001f5a0000,0x000000001f6a0000)]
  0x000000001e9f6800 JavaThread "C1 CompilerThread3" daemon [_thread_blocked, id=12084, stack(0x000000001f4a0000,0x000000001f5a0000)]
  0x000000001e9f9800 JavaThread "C2 CompilerThread2" daemon [_thread_blocked, id=11756, stack(0x000000001f3a0000,0x000000001f4a0000)]
  0x000000001e9e9000 JavaThread "C2 CompilerThread1" daemon [_thread_in_native, id=11396, stack(0x000000001f2a0000,0x000000001f3a0000)]
  0x000000001e9e5800 JavaThread "C2 CompilerThread0" daemon [_thread_in_native, id=11912, stack(0x000000001f1a0000,0x000000001f2a0000)]
  0x000000001e9e0000 JavaThread "Attach Listener" daemon [_thread_blocked, id=128, stack(0x000000001f0a0000,0x000000001f1a0000)]
  0x000000001cafe800 JavaThread "Signal Dispatcher" daemon [_thread_blocked, id=5104, stack(0x000000001efa0000,0x000000001f0a0000)]
  0x0000000002fae000 JavaThread "Finalizer" daemon [_thread_blocked, id=5160, stack(0x000000001edb0000,0x000000001eeb0000)]
  0x0000000002fab000 JavaThread "Reference Handler" daemon [_thread_blocked, id=4052, stack(0x000000001e8b0000,0x000000001e9b0000)]
  0x0000000002eb6000 JavaThread "Client thread" [_thread_in_Java, id=5248, stack(0x0000000002ce0000,0x0000000002de0000)]

Other Threads:
  0x000000001cae9800 VMThread [stack: 0x000000001e7b0000,0x000000001e8b0000] [id=12220]
  0x000000001ea94000 WatcherThread [stack: 0x000000001f6a0000,0x000000001f7a0000] [id=2844]

VM state:not at safepoint (normal execution)

VM Mutex/Monitor currently owned by a thread: None

Heap:
 PSYoungGen      total 530432K, used 277648K [0x000000076b100000, 0x0000000792b80000, 0x00000007c0000000)
  eden space 489472K, 48% used [0x000000076b100000,0x0000000779827d68,0x0000000788f00000)
  from space 40960K, 99% used [0x000000078bd80000,0x000000078e57c4c0,0x000000078e580000)
  to   space 47616K, 0% used [0x0000000788f00000,0x0000000788f00000,0x000000078bd80000)
 ParOldGen       total 306176K, used 134373K [0x00000006c1200000, 0x00000006d3d00000, 0x000000076b100000)
  object space 306176K, 43% used [0x00000006c1200000,0x00000006c95397c8,0x00000006d3d00000)
 Metaspace       used 48268K, capacity 48871K, committed 49408K, reserved 1091584K
  class space    used 6740K, capacity 6907K, committed 6912K, reserved 1048576K

Card table byte_map: [0x0000000012440000,0x0000000012c40000] byte_map_base: 0x000000000ee37000

Marking Bits: (ParMarkBitMap*) 0x00000000519e2d00
 Begin Bits: [0x0000000013990000, 0x0000000017948000)
 End Bits:   [0x0000000017948000, 0x000000001b900000)

Polling page: 0x00000000012a0000

CodeCache: size=245760Kb used=16404Kb max_used=16411Kb free=229355Kb
 bounds [0x0000000003080000, 0x00000000040a0000, 0x0000000012080000]
 total_blobs=5223 nmethods=4458 adapters=675
 compilation: enabled

Compilation events (10 events):
Event: 17.767 Thread 0x000000001e9f6800 5877       1       java.util.EnumMap::access$1100 (5 bytes)
Event: 17.767 Thread 0x000000001e9f6800 nmethod 5877 0x00000000038894d0 code [0x0000000003889620, 0x0000000003889710]
Event: 17.772 Thread 0x000000001e9f6800 5879       3       com.google.gson.stream.JsonReader::peekKeyword (241 bytes)
Event: 17.772 Thread 0x000000001e9f9800 5881       4       com.google.gson.internal.bind.JsonTreeReader::hasNext (25 bytes)
Event: 17.772 Thread 0x000000001e9e5800 5882       4       com.google.gson.internal.bind.JsonTreeReader::expect (55 bytes)
Event: 17.773 Thread 0x000000001e9f6800 nmethod 5879 0x0000000004089410 code [0x0000000004089640, 0x000000000408a2c8]
Event: 17.773 Thread 0x000000001e9f6800 5880       3       net.minecraft.util.EnumFacing::byName (27 bytes)
Event: 17.773 Thread 0x000000001e9f6800 nmethod 5880 0x0000000003439810 code [0x00000000034399c0, 0x000000000343a008]
Event: 17.773 Thread 0x000000001e9f6800 5883       3       java.util.EnumMap::put (51 bytes)
Event: 17.773 Thread 0x000000001e9f6800 nmethod 5883 0x0000000004088ad0 code [0x0000000004088c60, 0x00000000040891c8]

GC Heap History (10 events):
Event: 10.173 GC heap before
{Heap before GC invocations=19 (full 2):
 PSYoungGen      total 408576K, used 352879K [0x000000076b100000, 0x0000000786000000, 0x00000007c0000000)
  eden space 389120K, 86% used [0x000000076b100000,0x000000077f9aa278,0x0000000782d00000)
  from space 19456K, 83% used [0x0000000784d00000,0x0000000785cf1a58,0x0000000786000000)
  to   space 26112K, 0% used [0x0000000782d00000,0x0000000782d00000,0x0000000784680000)
 ParOldGen       total 159744K, used 85893K [0x00000006c1200000, 0x00000006cae00000, 0x000000076b100000)
  object space 159744K, 53% used [0x00000006c1200000,0x00000006c65e1768,0x00000006cae00000)
 Metaspace       used 35603K, capacity 35985K, committed 36224K, reserved 1081344K
  class space    used 4808K, capacity 4946K, committed 4992K, reserved 1048576K
Event: 10.197 GC heap after
Heap after GC invocations=19 (full 2):
 PSYoungGen      total 415232K, used 26091K [0x000000076b100000, 0x000000078f100000, 0x00000007c0000000)
  eden space 389120K, 0% used [0x000000076b100000,0x000000076b100000,0x0000000782d00000)
  from space 26112K, 99% used [0x0000000782d00000,0x000000078467afd8,0x0000000784680000)
  to   space 39424K, 0% used [0x000000078ca80000,0x000000078ca80000,0x000000078f100000)
 ParOldGen       total 159744K, used 113796K [0x00000006c1200000, 0x00000006cae00000, 0x000000076b100000)
  object space 159744K, 71% used [0x00000006c1200000,0x00000006c8121350,0x00000006cae00000)
 Metaspace       used 35603K, capacity 35985K, committed 36224K, reserved 1081344K
  class space    used 4808K, capacity 4946K, committed 4992K, reserved 1048576K
}
Event: 10.197 GC heap before
{Heap before GC invocations=20 (full 3):
 PSYoungGen      total 415232K, used 26091K [0x000000076b100000, 0x000000078f100000, 0x00000007c0000000)
  eden space 389120K, 0% used [0x000000076b100000,0x000000076b100000,0x0000000782d00000)
  from space 26112K, 99% used [0x0000000782d00000,0x000000078467afd8,0x0000000784680000)
  to   space 39424K, 0% used [0x000000078ca80000,0x000000078ca80000,0x000000078f100000)
 ParOldGen       total 159744K, used 113796K [0x00000006c1200000, 0x00000006cae00000, 0x000000076b100000)
  object space 159744K, 71% used [0x00000006c1200000,0x00000006c8121350,0x00000006cae00000)
 Metaspace       used 35603K, capacity 35985K, committed 36224K, reserved 1081344K
  class space    used 4808K, capacity 4946K, committed 4992K, reserved 1048576K
Event: 10.422 GC heap after
Heap after GC invocations=20 (full 3):
 PSYoungGen      total 415232K, used 0K [0x000000076b100000, 0x000000078f100000, 0x00000007c0000000)
  eden space 389120K, 0% used [0x000000076b100000,0x000000076b100000,0x0000000782d00000)
  from space 26112K, 0% used [0x0000000782d00000,0x0000000782d00000,0x0000000784680000)
  to   space 39424K, 0% used [0x000000078ca80000,0x000000078ca80000,0x000000078f100000)
 ParOldGen       total 306176K, used 132051K [0x00000006c1200000, 0x00000006d3d00000, 0x000000076b100000)
  object space 306176K, 43% used [0x00000006c1200000,0x00000006c92f4f88,0x00000006d3d00000)
 Metaspace       used 35603K, capacity 35985K, committed 36224K, reserved 1081344K
  class space    used 4808K, capacity 4946K, committed 4992K, reserved 1048576K
}
Event: 11.797 GC heap before
{Heap before GC invocations=21 (full 3):
 PSYoungGen      total 415232K, used 389120K [0x000000076b100000, 0x000000078f100000, 0x00000007c0000000)
  eden space 389120K, 100% used [0x000000076b100000,0x0000000782d00000,0x0000000782d00000)
  from space 26112K, 0% used [0x0000000782d00000,0x0000000782d00000,0x0000000784680000)
  to   space 39424K, 0% used [0x000000078ca80000,0x000000078ca80000,0x000000078f100000)
 ParOldGen       total 306176K, used 132051K [0x00000006c1200000, 0x00000006d3d00000, 0x000000076b100000)
  object space 306176K, 43% used [0x00000006c1200000,0x00000006c92f4f88,0x00000006d3d00000)
 Metaspace       used 39656K, capacity 40127K, committed 40448K, reserved 1083392K
  class space    used 5378K, capacity 5559K, committed 5632K, reserved 1048576K
Event: 11.807 GC heap after
Heap after GC invocations=21 (full 3):
 PSYoungGen      total 462336K, used 21127K [0x000000076b100000, 0x000000078df80000, 0x00000007c0000000)
  eden space 440832K, 0% used [0x000000076b100000,0x000000076b100000,0x0000000785f80000)
  from space 21504K, 98% used [0x000000078ca80000,0x000000078df21ca8,0x000000078df80000)
  to   space 38400K, 0% used [0x0000000789480000,0x0000000789480000,0x000000078ba00000)
 ParOldGen       total 306176K, used 132059K [0x00000006c1200000, 0x00000006d3d00000, 0x000000076b100000)
  object space 306176K, 43% used [0x00000006c1200000,0x00000006c92f6f88,0x00000006d3d00000)
 Metaspace       used 39656K, capacity 40127K, committed 40448K, reserved 1083392K
  class space    used 5378K, capacity 5559K, committed 5632K, reserved 1048576K
}
Event: 12.963 GC heap before
{Heap before GC invocations=22 (full 3):
 PSYoungGen      total 462336K, used 461959K [0x000000076b100000, 0x000000078df80000, 0x00000007c0000000)
  eden space 440832K, 100% used [0x000000076b100000,0x0000000785f80000,0x0000000785f80000)
  from space 21504K, 98% used [0x000000078ca80000,0x000000078df21ca8,0x000000078df80000)
  to   space 38400K, 0% used [0x0000000789480000,0x0000000789480000,0x000000078ba00000)
 ParOldGen       total 306176K, used 132059K [0x00000006c1200000, 0x00000006d3d00000, 0x000000076b100000)
  object space 306176K, 43% used [0x00000006c1200000,0x00000006c92f6f88,0x00000006d3d00000)
 Metaspace       used 43948K, capacity 44471K, committed 44928K, reserved 1087488K
  class space    used 6022K, capacity 6217K, committed 6272K, reserved 1048576K
Event: 12.974 GC heap after
Heap after GC invocations=22 (full 3):
 PSYoungGen      total 533504K, used 30996K [0x000000076b100000, 0x000000078e580000, 0x00000007c0000000)
  eden space 495104K, 0% used [0x000000076b100000,0x000000076b100000,0x0000000789480000)
  from space 38400K, 80% used [0x0000000789480000,0x000000078b2c5388,0x000000078ba00000)
  to   space 40960K, 0% used [0x000000078bd80000,0x000000078bd80000,0x000000078e580000)
 ParOldGen       total 306176K, used 132067K [0x00000006c1200000, 0x00000006d3d00000, 0x000000076b100000)
  object space 306176K, 43% used [0x00000006c1200000,0x00000006c92f8f88,0x00000006d3d00000)
 Metaspace       used 43948K, capacity 44471K, committed 44928K, reserved 1087488K
  class space    used 6022K, capacity 6217K, committed 6272K, reserved 1048576K
}
Event: 14.494 GC heap before
{Heap before GC invocations=23 (full 3):
 PSYoungGen      total 533504K, used 526100K [0x000000076b100000, 0x000000078e580000, 0x00000007c0000000)
  eden space 495104K, 100% used [0x000000076b100000,0x0000000789480000,0x0000000789480000)
  from space 38400K, 80% used [0x0000000789480000,0x000000078b2c5388,0x000000078ba00000)
  to   space 40960K, 0% used [0x000000078bd80000,0x000000078bd80000,0x000000078e580000)
 ParOldGen       total 306176K, used 132067K [0x00000006c1200000, 0x00000006d3d00000, 0x000000076b100000)
  object space 306176K, 43% used [0x00000006c1200000,0x00000006c92f8f88,0x00000006d3d00000)
 Metaspace       used 47429K, capacity 47935K, committed 48640K, reserved 1091584K
  class space    used 6657K, capacity 6835K, committed 6912K, reserved 1048576K
Event: 14.508 GC heap after
Heap after GC invocations=23 (full 3):
 PSYoungGen      total 530432K, used 40945K [0x000000076b100000, 0x0000000792b80000, 0x00000007c0000000)
  eden space 489472K, 0% used [0x000000076b100000,0x000000076b100000,0x0000000788f00000)
  from space 40960K, 99% used [0x000000078bd80000,0x000000078e57c4c0,0x000000078e580000)
  to   space 47616K, 0% used [0x0000000788f00000,0x0000000788f00000,0x000000078bd80000)
 ParOldGen       total 306176K, used 134373K [0x00000006c1200000, 0x00000006d3d00000, 0x000000076b100000)
  object space 306176K, 43% used [0x00000006c1200000,0x00000006c95397c8,0x00000006d3d00000)
 Metaspace       used 47429K, capacity 47935K, committed 48640K, reserved 1091584K
  class space    used 6657K, capacity 6835K, committed 6912K, reserved 1048576K
}

Deoptimization events (10 events):
Event: 13.868 Thread 0x0000000002eb6000 Uncommon trap: reason=null_check action=make_not_entrant pc=0x00000000037ffc00 method=com.google.gson.JsonPrimitive.isPrimitiveOrString(Ljava/lang/Object;)Z @ 39
Event: 17.514 Thread 0x0000000002eb6000 Uncommon trap: reason=unstable_if action=reinterpret pc=0x000000000401ca70 method=net.minecraft.client.resources.FileResourcePack.hasResourceName(Ljava/lang/String;)Z @ 8
Event: 17.523 Thread 0x00000000279f3800 Uncommon trap: reason=unstable_if action=reinterpret pc=0x00000000035a14a8 method=java.lang.ThreadLocal.get()Ljava/lang/Object; @ 11
Event: 17.610 Thread 0x0000000002eb6000 Uncommon trap: reason=bimorphic action=maybe_recompile pc=0x0000000003d6e8ac method=java.util.HashMap.removeNode(ILjava/lang/Object;Ljava/lang/Object;ZZ)Ljava/util/HashMap$Node; @ 283
Event: 17.610 Thread 0x0000000002eb6000 Uncommon trap: reason=bimorphic action=maybe_recompile pc=0x0000000003d6e8ac method=java.util.HashMap.removeNode(ILjava/lang/Object;Ljava/lang/Object;ZZ)Ljava/util/HashMap$Node; @ 283
Event: 17.610 Thread 0x0000000002eb6000 Uncommon trap: reason=bimorphic action=maybe_recompile pc=0x0000000003d6e8ac method=java.util.HashMap.removeNode(ILjava/lang/Object;Ljava/lang/Object;ZZ)Ljava/util/HashMap$Node; @ 283
Event: 17.610 Thread 0x0000000002eb6000 Uncommon trap: reason=bimorphic action=maybe_recompile pc=0x0000000003d6e8ac method=java.util.HashMap.removeNode(ILjava/lang/Object;Ljava/lang/Object;ZZ)Ljava/util/HashMap$Node; @ 283
Event: 17.662 Thread 0x0000000002eb6000 Uncommon trap: reason=unstable_if action=reinterpret pc=0x00000000036cdbd8 method=com.google.common.collect.ImmutableMap.copyOf(Ljava/util/Map;)Lcom/google/common/collect/ImmutableMap; @ 35
Event: 17.694 Thread 0x0000000002eb6000 Uncommon trap: reason=unstable_if action=reinterpret pc=0x0000000003f5a47c method=com.google.gson.stream.JsonReader.peekKeyword()I @ 39
Event: 17.729 Thread 0x0000000002eb6000 Uncommon trap: reason=class_check action=maybe_recompile pc=0x0000000003d0dc44 method=com.google.common.collect.Lists.newArrayList(Ljava/lang/Iterable;)Ljava/util/ArrayList; @ 27

Classes redefined (0 events):
No events

Internal exceptions (10 events):
Event: 17.769 Thread 0x0000000002eb6000 NullPointerException at vtable entry 0x000000000319f7a0
Event: 17.769 Thread 0x0000000002eb6000 Exception <a 'java/lang/NullPointerException'> (0x000000077876e700) thrown at [C:\re\workspace\8-2-build-windows-amd64-cygwin\jdk8u181\11358\hotspot\src\share\vm\runtime\sharedRuntime.cpp, line 605]
Event: 17.770 Thread 0x0000000002eb6000 NullPointerException at vtable entry 0x000000000319f7a0
Event: 17.770 Thread 0x0000000002eb6000 Exception <a 'java/lang/NullPointerException'> (0x0000000778782130) thrown at [C:\re\workspace\8-2-build-windows-amd64-cygwin\jdk8u181\11358\hotspot\src\share\vm\runtime\sharedRuntime.cpp, line 605]
Event: 17.771 Thread 0x0000000002eb6000 NullPointerException at vtable entry 0x000000000319f7a0
Event: 17.771 Thread 0x0000000002eb6000 Exception <a 'java/lang/NullPointerException'> (0x000000077878ca10) thrown at [C:\re\workspace\8-2-build-windows-amd64-cygwin\jdk8u181\11358\hotspot\src\share\vm\runtime\sharedRuntime.cpp, line 605]
Event: 17.775 Thread 0x0000000002eb6000 NullPointerException at vtable entry 0x000000000319f7a0
Event: 17.775 Thread 0x0000000002eb6000 Exception <a 'java/lang/NullPointerException'> (0x0000000778810118) thrown at [C:\re\workspace\8-2-build-windows-amd64-cygwin\jdk8u181\11358\hotspot\src\share\vm\runtime\sharedRuntime.cpp, line 605]
Event: 17.776 Thread 0x0000000002eb6000 NullPointerException at vtable entry 0x000000000319f7a0
Event: 17.776 Thread 0x0000000002eb6000 Exception <a 'java/lang/NullPointerException'> (0x000000077881bb48) thrown at [C:\re\workspace\8-2-build-windows-amd64-cygwin\jdk8u181\11358\hotspot\src\share\vm\runtime\sharedRuntime.cpp, line 605]

Events (10 events):
Event: 17.766 loading class org/lwjgl/openal/ALC10
Event: 17.766 loading class org/lwjgl/openal/ALC10 done
Event: 17.774 loading class org/lwjgl/openal/ALCdevice
Event: 17.774 loading class org/lwjgl/openal/ALCdevice done
Event: 17.775 loading class org/lwjgl/openal/ALCcontext
Event: 17.775 loading class org/lwjgl/openal/ALCcontext done
Event: 17.776 loading class org/lwjgl/openal/Util
Event: 17.776 loading class org/lwjgl/openal/Util done
Event: 17.777 loading class org/lwjgl/openal/OpenALException
Event: 17.777 loading class org/lwjgl/openal/OpenALException done


Dynamic libraries:
0x00007ff6571b0000 - 0x00007ff6571e7000 	C:\Program Files\Java\jre1.8.0_181\bin\javaw.exe
0x00007ffd98ad0000 - 0x00007ffd98cb1000 	C:\WINDOWS\SYSTEM32\ntdll.dll
0x00007ffd7d7a0000 - 0x00007ffd7d7d4000 	C:\Program Files\AVAST Software\Avast\x64\aswhooka.dll
0x00007ffd98360000 - 0x00007ffd98412000 	C:\WINDOWS\System32\KERNEL32.DLL
0x00007ffd95800000 - 0x00007ffd95a73000 	C:\WINDOWS\System32\KERNELBASE.dll
0x00007ffd97ab0000 - 0x00007ffd97b51000 	C:\WINDOWS\System32\ADVAPI32.dll
0x00007ffd97db0000 - 0x00007ffd97e4e000 	C:\WINDOWS\System32\msvcrt.dll
0x00007ffd97fb0000 - 0x00007ffd9800b000 	C:\WINDOWS\System32\sechost.dll
0x00007ffd95f90000 - 0x00007ffd960b4000 	C:\WINDOWS\System32\RPCRT4.dll
0x00007ffd960c0000 - 0x00007ffd96250000 	C:\WINDOWS\System32\USER32.dll
0x00007ffd95630000 - 0x00007ffd95650000 	C:\WINDOWS\System32\win32u.dll
0x00007ffd965a0000 - 0x00007ffd965c8000 	C:\WINDOWS\System32\GDI32.dll
0x00007ffd95bd0000 - 0x00007ffd95d62000 	C:\WINDOWS\System32\gdi32full.dll
0x00007ffd95a80000 - 0x00007ffd95b1f000 	C:\WINDOWS\System32\msvcp_win.dll
0x00007ffd956b0000 - 0x00007ffd957aa000 	C:\WINDOWS\System32\ucrtbase.dll
0x00007ffd8df60000 - 0x00007ffd8e1c9000 	C:\WINDOWS\WinSxS\amd64_microsoft.windows.common-controls_6595b64144ccf1df_6.0.17134.228_none_fb4599993062b194\COMCTL32.dll
0x00007ffd98020000 - 0x00007ffd98343000 	C:\WINDOWS\System32\combase.dll
0x00007ffd94ea0000 - 0x00007ffd94f1a000 	C:\WINDOWS\System32\bcryptPrimitives.dll
0x00007ffd95f60000 - 0x00007ffd95f8d000 	C:\WINDOWS\System32\IMM32.DLL
0x0000000050ef0000 - 0x0000000050fc2000 	C:\Program Files\Java\jre1.8.0_181\bin\msvcr100.dll
0x00000000511c0000 - 0x0000000051a62000 	C:\Program Files\Java\jre1.8.0_181\bin\server\jvm.dll
0x00007ffd98350000 - 0x00007ffd98358000 	C:\WINDOWS\System32\PSAPI.DLL
0x00007ffd82f60000 - 0x00007ffd82f69000 	C:\WINDOWS\SYSTEM32\WSOCK32.dll
0x00007ffd97bc0000 - 0x00007ffd97c2c000 	C:\WINDOWS\System32\WS2_32.dll
0x00007ffd92b80000 - 0x00007ffd92ba3000 	C:\WINDOWS\SYSTEM32\WINMM.dll
0x00007ffd90c30000 - 0x00007ffd90c3a000 	C:\WINDOWS\SYSTEM32\VERSION.dll
0x00007ffd92580000 - 0x00007ffd925aa000 	C:\WINDOWS\SYSTEM32\WINMMBASE.dll
0x00007ffd957b0000 - 0x00007ffd957f9000 	C:\WINDOWS\System32\cfgmgr32.dll
0x00000000511b0000 - 0x00000000511bf000 	C:\Program Files\Java\jre1.8.0_181\bin\verify.dll
0x0000000051180000 - 0x00000000511a9000 	C:\Program Files\Java\jre1.8.0_181\bin\java.dll
0x0000000051160000 - 0x0000000051176000 	C:\Program Files\Java\jre1.8.0_181\bin\zip.dll
0x00007ffd965d0000 - 0x00007ffd97a10000 	C:\WINDOWS\System32\SHELL32.dll
0x00007ffd98510000 - 0x00007ffd985b9000 	C:\WINDOWS\System32\shcore.dll
0x00007ffd94f20000 - 0x00007ffd9562d000 	C:\WINDOWS\System32\windows.storage.dll
0x00007ffd96250000 - 0x00007ffd962a1000 	C:\WINDOWS\System32\shlwapi.dll
0x00007ffd94e60000 - 0x00007ffd94e71000 	C:\WINDOWS\System32\kernel.appcore.dll
0x00007ffd94e40000 - 0x00007ffd94e5f000 	C:\WINDOWS\System32\profapi.dll
0x00007ffd94df0000 - 0x00007ffd94e3c000 	C:\WINDOWS\System32\powrprof.dll
0x00007ffd94de0000 - 0x00007ffd94dea000 	C:\WINDOWS\System32\FLTLIB.DLL
0x00000000510e0000 - 0x00000000510ed000 	C:\Program Files\Java\jre1.8.0_181\bin\management.dll
0x0000000051140000 - 0x000000005115a000 	C:\Program Files\Java\jre1.8.0_181\bin\net.dll
0x00007ffd94660000 - 0x00007ffd946c6000 	C:\WINDOWS\system32\mswsock.dll
0x00007ffd8b290000 - 0x00007ffd8b2a6000 	C:\WINDOWS\system32\napinsp.dll
0x00007ffd8b0f0000 - 0x00007ffd8b10a000 	C:\WINDOWS\system32\pnrpnsp.dll
0x00007ffd91640000 - 0x00007ffd91659000 	C:\WINDOWS\system32\NLAapi.dll
0x00007ffd94420000 - 0x00007ffd944de000 	C:\WINDOWS\SYSTEM32\DNSAPI.dll
0x00007ffd98010000 - 0x00007ffd98018000 	C:\WINDOWS\System32\NSI.dll
0x00007ffd943e0000 - 0x00007ffd94418000 	C:\WINDOWS\SYSTEM32\IPHLPAPI.DLL
0x00007ffd8b960000 - 0x00007ffd8b96e000 	C:\WINDOWS\System32\winrnr.dll
0x00007ffd867d0000 - 0x00007ffd867e5000 	C:\WINDOWS\System32\wshbth.dll
0x00007ffd8c5d0000 - 0x00007ffd8c5da000 	C:\Windows\System32\rasadhlp.dll
0x00007ffd8c610000 - 0x00007ffd8c682000 	C:\WINDOWS\System32\fwpuclnt.dll
0x00007ffd94940000 - 0x00007ffd94965000 	C:\WINDOWS\SYSTEM32\bcrypt.dll
0x0000000051120000 - 0x0000000051131000 	C:\Program Files\Java\jre1.8.0_181\bin\nio.dll
0x00007ffd94810000 - 0x00007ffd94827000 	C:\WINDOWS\SYSTEM32\CRYPTSP.dll
0x00007ffd94240000 - 0x00007ffd94273000 	C:\WINDOWS\system32\rsaenh.dll
0x00007ffd94d10000 - 0x00007ffd94d38000 	C:\WINDOWS\SYSTEM32\USERENV.dll
0x00007ffd94830000 - 0x00007ffd9483b000 	C:\WINDOWS\SYSTEM32\CRYPTBASE.dll
0x00007ffd8c970000 - 0x00007ffd8c986000 	C:\WINDOWS\SYSTEM32\dhcpcsvc6.DLL
0x00007ffd8d270000 - 0x00007ffd8d28a000 	C:\WINDOWS\SYSTEM32\dhcpcsvc.DLL
0x00007ffd8b2c0000 - 0x00007ffd8b302000 	C:\Users\Andre\AppData\Local\Temp\jna-63405610\jna4127380270571622867.dll
0x0000000180000000 - 0x0000000180053000 	C:\Users\Andre\.gradle\caches\minecraft\net\minecraft\natives\1.12.2\lwjgl64.dll
0x00007ffd75dc0000 - 0x00007ffd75ee0000 	C:\WINDOWS\SYSTEM32\OPENGL32.dll
0x00007ffd8c220000 - 0x00007ffd8c24c000 	C:\WINDOWS\SYSTEM32\GLU32.dll
0x0000000050d50000 - 0x0000000050ee9000 	C:\Program Files\Java\jre1.8.0_181\bin\awt.dll
0x00007ffd964d0000 - 0x00007ffd96592000 	C:\WINDOWS\System32\OLEAUT32.dll
0x00007ffd933e0000 - 0x00007ffd9346b000 	C:\WINDOWS\SYSTEM32\apphelp.dll
0x00007ffd934a0000 - 0x00007ffd93538000 	C:\WINDOWS\system32\uxtheme.dll
0x00007ffd97c30000 - 0x00007ffd97da5000 	C:\WINDOWS\System32\MSCTF.dll
0x00007ffd93730000 - 0x00007ffd93759000 	C:\WINDOWS\system32\dwmapi.dll
0x00007ffd87a50000 - 0x00007ffd87ae7000 	C:\WINDOWS\System32\TextInputFramework.dll
0x00007ffd8ec60000 - 0x00007ffd8ef7e000 	C:\WINDOWS\System32\CoreUIComponents.dll
0x00007ffd92030000 - 0x00007ffd9210a000 	C:\WINDOWS\System32\CoreMessaging.dll
0x00007ffd93f00000 - 0x00007ffd93f31000 	C:\WINDOWS\SYSTEM32\ntmarta.dll
0x00007ffd90e60000 - 0x00007ffd90fad000 	C:\WINDOWS\SYSTEM32\wintypes.dll
0x0000000075340000 - 0x0000000077607000 	C:\WINDOWS\SYSTEM32\nvoglv64.DLL
0x00007ffd985c0000 - 0x00007ffd98a0b000 	C:\WINDOWS\System32\SETUPAPI.dll
0x00007ffd97e50000 - 0x00007ffd97fa1000 	C:\WINDOWS\System32\ole32.dll
0x00007ffd91aa0000 - 0x00007ffd91ab3000 	C:\WINDOWS\SYSTEM32\WTSAPI32.dll
0x00007ffd94bf0000 - 0x00007ffd94c17000 	C:\WINDOWS\SYSTEM32\DEVOBJ.dll
0x00007ffd95650000 - 0x00007ffd956a7000 	C:\WINDOWS\System32\WINTRUST.dll
0x00007ffd94e80000 - 0x00007ffd94e92000 	C:\WINDOWS\System32\MSASN1.dll
0x00007ffd95d70000 - 0x00007ffd95f52000 	C:\WINDOWS\System32\CRYPT32.dll
0x00007ffd8e1d0000 - 0x00007ffd8e278000 	C:\WINDOWS\SYSTEM32\mscms.dll
0x00007ffd8df50000 - 0x00007ffd8df60000 	C:\WINDOWS\SYSTEM32\ColorAdapterClient.dll
0x00007ffd7fae0000 - 0x00007ffd7fb23000 	C:\WINDOWS\SYSTEM32\icm32.dll
0x00007ffd93f70000 - 0x00007ffd93fc6000 	C:\WINDOWS\SYSTEM32\WINSTA.dll
0x00007ffd74aa0000 - 0x00007ffd74ae2000 	C:\Users\Andre\AppData\Local\Temp\jna-63405610\jna9149223794663737540.dll
0x0000000026520000 - 0x0000000026584000 	C:\Users\Andre\.gradle\caches\minecraft\net\minecraft\natives\1.12.2\OpenAL64.dll
0x00007ffd97a10000 - 0x00007ffd97ab0000 	C:\WINDOWS\System32\clbcatq.dll
0x00007ffd8f230000 - 0x00007ffd8f2a6000 	C:\WINDOWS\System32\MMDevApi.dll
0x00007ffd918b0000 - 0x00007ffd91a64000 	C:\WINDOWS\System32\PROPSYS.dll
0x00007ffd7f810000 - 0x00007ffd7f89f000 	C:\WINDOWS\SYSTEM32\dsound.dll
0x00007ffd78db0000 - 0x00007ffd78edc000 	C:\WINDOWS\SYSTEM32\AUDIOSES.DLL
0x00007ffd8f140000 - 0x00007ffd8f14a000 	C:\WINDOWS\SYSTEM32\AVRT.dll
0x00007ffd817a0000 - 0x00007ffd81969000 	C:\WINDOWS\SYSTEM32\dbghelp.dll

VM Arguments:
jvm_args: -Dfile.encoding=Cp1252 
java_command: GradleStart
java_class_path (initial): C:\Program Files\Java\jre1.8.0_181\lib\resources.jar;C:\Program Files\Java\jre1.8.0_181\lib\rt.jar;C:\Program Files\Java\jre1.8.0_181\lib\jsse.jar;C:\Program Files\Java\jre1.8.0_181\lib\jce.jar;C:\Program Files\Java\jre1.8.0_181\lib\charsets.jar;C:\Program Files\Java\jre1.8.0_181\lib\jfr.jar;C:\Program Files\Java\jre1.8.0_181\lib\ext\access-bridge-64.jar;C:\Program Files\Java\jre1.8.0_181\lib\ext\cldrdata.jar;C:\Program Files\Java\jre1.8.0_181\lib\ext\dnsns.jar;C:\Program Files\Java\jre1.8.0_181\lib\ext\jaccess.jar;C:\Program Files\Java\jre1.8.0_181\lib\ext\jfxrt.jar;C:\Program Files\Java\jre1.8.0_181\lib\ext\localedata.jar;C:\Program Files\Java\jre1.8.0_181\lib\ext\nashorn.jar;C:\Program Files\Java\jre1.8.0_181\lib\ext\sunec.jar;C:\Program Files\Java\jre1.8.0_181\lib\ext\sunjce_provider.jar;C:\Program Files\Java\jre1.8.0_181\lib\ext\sunmscapi.jar;C:\Program Files\Java\jre1.8.0_181\lib\ext\sunpkcs11.jar;C:\Program Files\Java\jre1.8.0_181\lib\ext\zipfs.jar;C:\Users\Andre\Documents\Minecraft Environment\git\RusticThaumaturgy\bin;C:\Users\Andre\Documents\Minecraft Environment\git\RusticThaumaturgy\.gradle\minecraft\forgeSrc-1.12.2-14.23.4.2759-PROJECT(RusticThaumaturgy).jar;C:\Users\Andre\.gradle\caches\modules-2\files-2.1\com.google.code.findbugs\jsr305\3.0.1\f7be08ec23c21485b9b5a1cf1654c2ec8c58168d\jsr305-3.0.1.jar;C:\Users\Andre\.gradle\caches\modules-2\files-2.1\com.mojang\patchy\1.1\aef610b34a1be37fa851825f12372b78424d8903\patchy-1.1.jar;C:\Users\Andre\.gradle\caches\modules-2\files-2.1\oshi-project\oshi-core\1.1\9ddf7b048a8d701be231c0f4f95fd986198fd2d8\oshi-core-1.1.jar;C:\Users\Andre\.gradle\caches\modules-2\files-2.1\net.java.dev.jna\jna\4.4.0\cb208278274bf12ebdb56c61bd7407e6f774d65a\jna-4.4.0.jar;C:\Users\Andre\.gradle\caches\modules-2\files-2.1\net.java.dev.jna\platform\3.4.0\e3f70017be8100d3d6923f50b3d2ee17714e9c13\platform-3.4.0.jar;C:\Users\Andre\.gradle\caches\modules-2\files-2.1\com.ibm.icu\icu4j-core-mojang\51.2\63d216a9311c
Launcher Type: SUN_STANDARD

Environment Variables:
PATH=C:/Program Files/Java/jre1.8.0_181/bin/server;C:/Program Files/Java/jre1.8.0_181/bin;C:/Program Files/Java/jre1.8.0_181/lib/amd64;C:\Program Files (x86)\Common Files\Oracle\Java\javapath;C:\ProgramData\Oracle\Java\javapath;C:\WINDOWS\system32;C:\WINDOWS;C:\WINDOWS\System32\Wbem;C:\WINDOWS\System32\WindowsPowerShell\v1.0\;C:\WINDOWS\System32\OpenSSH\;C:\Program Files\Java\jdk1.8.0_181\bin;C:\Program Files\Java\jre1.8.0_181\bin;C:\Program Files (x86)\Java\jre1.8.0_181\bin;C:\Program Files\Git\cmd;C:\Users\Andre\AppData\Local\Programs\Python\Python36-32\Scripts\;C:\Users\Andre\AppData\Local\Programs\Python\Python36-32\;C:\Users\Andre\AppData\Local\Microsoft\WindowsApps;;C:\eclipse;
USERNAME=Andre
OS=Windows_NT
PROCESSOR_IDENTIFIER=Intel64 Family 6 Model 158 Stepping 9, GenuineIntel



---------------  S Y S T E M  ---------------

OS: Windows 10.0 , 64 bit Build 17134 (10.0.17134.1)

CPU:total 8 (initial active 8) (4 cores per cpu, 2 threads per core) family 6 model 158 stepping 9, cmov, cx8, fxsr, mmx, sse, sse2, sse3, ssse3, sse4.1, sse4.2, popcnt, avx, avx2, aes, clmul, erms, rtm, 3dnowpref, lzcnt, ht, tsc, tscinvbit, bmi1, bmi2, adx

Memory: 4k page, physical 16697716k(9533376k free), swap 16697716k(6689936k free)

vm_info: Java HotSpot(TM) 64-Bit Server VM (25.181-b13) for windows-amd64 JRE (1.8.0_181-b13), built on Jul  7 2018 04:01:33 by "java_re" with MS VC++ 10.0 (VS2010)

time: Thu Sep 06 01:17:45 2018
elapsed time: 17 seconds (0d 0h 0m 17s)

